<?xml version="1.0" encoding="UTF-8"?>
<!-- Generated by org.testng.reporters.JUnitXMLReporter -->
<testsuite hostname="dell" ignored="0" name="Default test" tests="6" failures="0" timestamp="01 Dec 2018 06:36:46 GMT" time="0.252" errors="0">
  <testcase name="Appium1" time="0.042" classname="qaclickacademy.AppiumTest"/>
  <testcase name="Appium2" time="0.007" classname="qaclickacademy.AppiumTest"/>
  <testcase name="API1" time="0.003" classname="qaclickacademy.APITest"/>
  <testcase name="API2" time="0.003" classname="qaclickacademy.APITest"/>
  <testcase name="Selenium1" time="0.004" classname="qaclickacademy.SeleniumTest"/>
  <testcase name="Selenium2" time="0.009" classname="qaclickacademy.SeleniumTest"/>
</testsuite> <!-- Default test -->
